<!DOCTYPE html PUBLIC "-//W3C//DTD XHTML 1.1//EN" "http://www.w3.org/TR/xhtml11/DTD/xhtml11.dtd">
<html xmlns="http://www.w3.org/1999/xhtml">
<head>
<meta http-equiv="content-type" content="text/html; charset=UTF-8"/>
<title>TestNG Report</title>
<style type="text/css">table {margin-bottom:10px;border-collapse:collapse;empty-cells:show}th,td {border:1px solid #009;padding:.25em .5em}th {vertical-align:bottom}td {vertical-align:top}table a {font-weight:bold}.stripe td {background-color: #E6EBF9}.num {text-align:right}.passedodd td {background-color: #3F3}.passedeven td {background-color: #0A0}.skippedodd td {background-color: #DDD}.skippedeven td {background-color: #CCC}.failedodd td,.attn {background-color: #F33}.failedeven td,.stripe .attn {background-color: #D00}.stacktrace {white-space:pre;font-family:monospace}.totop {font-size:85%;text-align:center;border-bottom:2px solid #000}.invisible {display:none}</style>
</head>
<body>
<table>
<tr><th>Test</th><th># Passed</th><th># Skipped</th><th># Retried</th><th># Failed</th><th>Time (ms)</th><th>Included Groups</th><th>Excluded Groups</th></tr>
<tr><th colspan="8">Smoke Suite</th></tr>
<tr><td><a href="#t0">Smoke Test</a></td><td class="num">0</td><td class="num">0</td><td class="num">0</td><td class="num attn">1</td><td class="num">34,190</td><td>smoke</td><td></td></tr>
<tr><th colspan="8">Regression Suite</th></tr>
<tr class="stripe"><td><a href="#t1">Regression Test</a></td><td class="num">2</td><td class="num attn">1</td><td class="num">0</td><td class="num">0</td><td class="num">18,231</td><td>regression</td><td></td></tr>
<tr><th>Total</th><th class="num">2</th><th class="num attn">1</th><th class="num">0</th><th class="num attn">1</th><th class="num">52,421</th><th colspan="2"></th></tr>
</table>
<table id='summary'><thead><tr><th>Class</th><th>Method</th><th>Start</th><th>Time (ms)</th></tr></thead><tbody><tr><th colspan="4">Smoke Suite</th></tr></tbody><tbody id="t0"><tr><th colspan="4">Smoke Test &#8212; failed</th></tr><tr class="failedeven"><td rowspan="1">com.hrms.testcases.LoginTest</td><td><a href="#m0">validAdminLogin</a></td><td rowspan="1">1591146783049</td><td rowspan="1">17976</td></tr></tbody>
<tbody><tr><th colspan="4">Regression Suite</th></tr></tbody><tbody id="t1"><tr><th colspan="4">Regression Test &#8212; skipped</th></tr><tr class="skippedeven"><td rowspan="1">com.hrms.testcases.AddEmployeeTest</td><td><a href="#m1">test</a></td><td rowspan="1">1591146821050</td><td rowspan="1">0</td></tr><tr><th colspan="4">Regression Test &#8212; passed</th></tr><tr class="passedeven"><td rowspan="2">com.hrms.testcases.LoginTest</td><td><a href="#m2">emptyUsernameLogin</a></td><td rowspan="1">1591146812036</td><td rowspan="1">382</td></tr><tr class="passedeven"><td><a href="#m3">invalidPasswordLogin</a></td><td rowspan="1">1591146818154</td><td rowspan="1">2109</td></tr></tbody>
</table>
<h2>Smoke Test</h2><h3 id="m0">com.hrms.testcases.LoginTest#validAdminLogin</h3><table class="result"><tr><th>Exception</th></tr><tr><td><div class="stacktrace">org.openqa.selenium.NoSuchElementException: no such element: Unable to locate element: {&quot;method&quot;:&quot;css selector&quot;,&quot;selector&quot;:&quot;#welcome&quot;}
  (Session info: chrome=83.0.4103.61)
For documentation on this error, please visit: https://www.seleniumhq.org/exceptions/no_such_element.html
Build info: version: &apos;3.141.59&apos;, revision: &apos;e82be7d358&apos;, time: &apos;2018-11-14T08:17:03&apos;
System info: host: &apos;Fadwas-MBP.fios-router.home&apos;, ip: &apos;fe80:0:0:0:14cf:57e7:85a1:29bf%en0&apos;, os.name: &apos;Mac OS X&apos;, os.arch: &apos;x86_64&apos;, os.version: &apos;10.13.6&apos;, java.version: &apos;1.8.0_241&apos;
Driver info: org.openqa.selenium.chrome.ChromeDriver
Capabilities {acceptInsecureCerts: false, browserName: chrome, browserVersion: 83.0.4103.61, chrome: {chromedriverVersion: 83.0.4103.39 (ccbf011cb2d2b..., userDataDir: /var/folders/2j/rnmn0qqs0pv...}, goog:chromeOptions: {debuggerAddress: localhost:54556}, javascriptEnabled: true, networkConnectionEnabled: false, pageLoadStrategy: normal, platform: MAC, platformName: MAC, proxy: Proxy(), setWindowRect: true, strictFileInteractability: false, timeouts: {implicit: 0, pageLoad: 300000, script: 30000}, unhandledPromptBehavior: dismiss and notify, webauthn:virtualAuthenticators: true}
Session ID: d84885eba41b9693419c2c2f73ba3c18
*** Element info: {Using=id, value=welcome}
	at org.openqa.selenium.remote.http.W3CHttpResponseCodec.createException(W3CHttpResponseCodec.java:187)
	at org.openqa.selenium.remote.http.W3CHttpResponseCodec.decode(W3CHttpResponseCodec.java:122)
	at org.openqa.selenium.remote.http.W3CHttpResponseCodec.decode(W3CHttpResponseCodec.java:49)
	at org.openqa.selenium.remote.HttpCommandExecutor.execute(HttpCommandExecutor.java:158)
	at org.openqa.selenium.remote.service.DriverCommandExecutor.execute(DriverCommandExecutor.java:83)
	at org.openqa.selenium.remote.RemoteWebDriver.execute(RemoteWebDriver.java:552)
	at org.openqa.selenium.remote.RemoteWebDriver.findElement(RemoteWebDriver.java:323)
	at org.openqa.selenium.remote.RemoteWebDriver.findElementById(RemoteWebDriver.java:372)
	at org.openqa.selenium.By$ById.findElement(By.java:188)
	at org.openqa.selenium.remote.RemoteWebDriver.findElement(RemoteWebDriver.java:315)
	at org.openqa.selenium.support.pagefactory.DefaultElementLocator.findElement(DefaultElementLocator.java:69)
	at org.openqa.selenium.support.pagefactory.internal.LocatingElementHandler.invoke(LocatingElementHandler.java:38)
	at com.sun.proxy.$Proxy10.getText(Unknown Source)
	at com.hrms.testcases.LoginTest.validAdminLogin(LoginTest.java:43)
	at java.util.ArrayList.forEach(ArrayList.java:1257)
... Removed 35 stack frames</div></td></tr></table><p class="totop"><a href="#summary">back to summary</a></p>
<h2>Regression Test</h2><h3 id="m1">com.hrms.testcases.AddEmployeeTest#test</h3><table class="result"><tr><th>Exception</th></tr><tr><td><div class="stacktrace">java.lang.RuntimeException: java.lang.NullPointerException
	at java.util.ArrayList.forEach(ArrayList.java:1257)
Caused by: java.lang.NullPointerException
	at com.hrms.utils.ExcelUtility.loadSheet(ExcelUtility.java:24)
	at com.hrms.utils.ExcelUtility.excelIntoArray(ExcelUtility.java:42)
	at com.hrms.testcases.AddEmployeeTest.getData2(AddEmployeeTest.java:63)
	... 29 more
... Removed 36 stack frames</div></td></tr></table><p class="totop"><a href="#summary">back to summary</a></p>
<h3 id="m2">com.hrms.testcases.LoginTest#emptyUsernameLogin</h3><table class="result"><tr><th class="invisible"/></tr></table><p class="totop"><a href="#summary">back to summary</a></p>
<h3 id="m3">com.hrms.testcases.LoginTest#invalidPasswordLogin</h3><table class="result"><tr><th class="invisible"/></tr></table><p class="totop"><a href="#summary">back to summary</a></p>
</body>
</html>
